<?xml version="1.0" encoding="UTF-8" ?>
<testsuite tests="7" failures="0" name="TestSuite" time="78.834" errors="0" skipped="0">
  <properties>
[...]
</properties>
  <testcase classname="Intigration.Tc_car_001_Test" name="landrover" time="10.893"/>
  <testcase classname="Intigration.Tc_car_002_Test" name="landrover" time="4.192"/>
  <testcase classname="Intigration.TC_car_003_Test" name="landrover" time="32.641"/>
  <testcase classname="System.TC003_Test" name="b" time="1.279"/>
  <testcase classname="System.TC004_Test" name="b" time="3.092"/>
  <testcase classname="System.Tc_001_Test" name="a" time="23.174"/>
  <testcase classname="System.Tc_002_Test" name="b" time="3.563"/>
</testsuite>