<?xml version="1.0" encoding="UTF-8"?>
<testng-results ignored="0" total="7" passed="7" failed="0" skipped="0">
  <reporter-output>
  </reporter-output>
  <suite started-at="2024-02-13T14:31:16 IST" name="Command line suite" finished-at="2024-02-13T14:32:34 IST" duration-ms="78862">
    <groups>
    </groups>
    <test started-at="2024-02-13T14:31:16 IST" name="Command line test" finished-at="2024-02-13T14:32:34 IST" duration-ms="78862">
      <class name="Intigration.Tc_car_002_Test">
        <test-method signature="landrover()[pri:0, instance:Intigration.Tc_car_002_Test@32eff876]" started-at="2024-02-13T14:31:26 IST" name="landrover" finished-at="2024-02-13T14:31:31 IST" duration-ms="4192" status="PASS">
          <reporter-output>
          </reporter-output>
        </test-method> <!-- landrover -->
      </class> <!-- Intigration.Tc_car_002_Test -->
      <class name="Intigration.TC_car_003_Test">
        <test-method signature="landrover()[pri:0, instance:Intigration.TC_car_003_Test@8dbdac1]" started-at="2024-02-13T14:31:31 IST" name="landrover" finished-at="2024-02-13T14:32:03 IST" duration-ms="32633" status="PASS">
          <reporter-output>
          </reporter-output>
        </test-method> <!-- landrover -->
      </class> <!-- Intigration.TC_car_003_Test -->
      <class name="System.Tc_001_Test">
        <test-method signature="a()[pri:0, instance:System.Tc_001_Test@3ce1e309]" started-at="2024-02-13T14:32:08 IST" name="a" finished-at="2024-02-13T14:32:31 IST" duration-ms="23177" status="PASS">
          <reporter-output>
          </reporter-output>
        </test-method> <!-- a -->
      </class> <!-- System.Tc_001_Test -->
      <class name="System.TC003_Test">
        <test-method signature="b()[pri:0, instance:System.TC003_Test@6e20b53a]" started-at="2024-02-13T14:32:03 IST" name="b" finished-at="2024-02-13T14:32:05 IST" duration-ms="1278" status="PASS">
          <reporter-output>
          </reporter-output>
        </test-method> <!-- b -->
      </class> <!-- System.TC003_Test -->
      <class name="System.Tc_002_Test">
        <test-method signature="b()[pri:0, instance:System.Tc_002_Test@6aba2b86]" started-at="2024-02-13T14:32:31 IST" name="b" finished-at="2024-02-13T14:32:34 IST" duration-ms="3563" status="PASS">
          <reporter-output>
          </reporter-output>
        </test-method> <!-- b -->
      </class> <!-- System.Tc_002_Test -->
      <class name="System.TC004_Test">
        <test-method signature="b()[pri:0, instance:System.TC004_Test@71809907]" started-at="2024-02-13T14:32:05 IST" name="b" finished-at="2024-02-13T14:32:08 IST" duration-ms="3092" status="PASS">
          <reporter-output>
          </reporter-output>
        </test-method> <!-- b -->
      </class> <!-- System.TC004_Test -->
      <class name="Intigration.Tc_car_001_Test">
        <test-method signature="landrover()[pri:0, instance:Intigration.Tc_car_001_Test@5e0826e7]" started-at="2024-02-13T14:31:16 IST" name="landrover" finished-at="2024-02-13T14:31:26 IST" duration-ms="10885" status="PASS">
          <reporter-output>
          </reporter-output>
        </test-method> <!-- landrover -->
      </class> <!-- Intigration.Tc_car_001_Test -->
    </test> <!-- Command line test -->
  </suite> <!-- Command line suite -->
</testng-results>
