<?xml version="1.0" encoding="UTF-8"?>
<!-- Generated by org.testng.reporters.JUnitXMLReporter -->
<testsuite ignored="0" hostname="TYSS-Prem" failures="0" tests="7" name="Command line test" time="78.862" errors="0" timestamp="2024-02-13T14:32:34 IST">
  <testcase classname="Intigration.Tc_car_001_Test" name="landrover" time="10.885"/>
  <testcase classname="Intigration.Tc_car_002_Test" name="landrover" time="4.192"/>
  <testcase classname="Intigration.TC_car_003_Test" name="landrover" time="32.633"/>
  <testcase classname="System.TC003_Test" name="b" time="1.278"/>
  <testcase classname="System.TC004_Test" name="b" time="3.092"/>
  <testcase classname="System.Tc_001_Test" name="a" time="23.177"/>
  <testcase classname="System.Tc_002_Test" name="b" time="3.563"/>
</testsuite> <!-- Command line test -->
