<?xml version="1.0" encoding="UTF-8"?>
<testng-results ignored="0" total="1" passed="1" failed="0" skipped="0">
  <reporter-output>
  </reporter-output>
  <suite started-at="2024-02-13T14:22:50 IST" name="Default suite" finished-at="2024-02-13T14:22:56 IST" duration-ms="6144">
    <groups>
    </groups>
    <test started-at="2024-02-13T14:22:50 IST" name="Default test" finished-at="2024-02-13T14:22:56 IST" duration-ms="6144">
      <class name="Intigration.Tc_car_002_Test">
        <test-method signature="landrover()[pri:0, instance:Intigration.Tc_car_002_Test@41e1e210]" started-at="2024-02-13T14:22:50 IST" name="landrover" finished-at="2024-02-13T14:22:56 IST" duration-ms="6092" status="PASS">
          <reporter-output>
          </reporter-output>
        </test-method> <!-- landrover -->
      </class> <!-- Intigration.Tc_car_002_Test -->
    </test> <!-- Default test -->
  </suite> <!-- Default suite -->
</testng-results>
